<?xml version="1.0" encoding="UTF-8"?>
<testng-results ignored="0" total="12" passed="11" failed="1" skipped="0">
  <reporter-output>
  </reporter-output>
  <suite started-at="2022-05-26T20:48:29 EDT" name="Suite" finished-at="2022-05-26T20:48:29 EDT" duration-ms="0">
    <groups>
    </groups>
  </suite> <!-- Suite -->
  <suite started-at="2022-05-26T20:48:29 EDT" name="Suite B" finished-at="2022-05-26T20:48:29 EDT" duration-ms="71">
    <groups>
    </groups>
    <test started-at="2022-05-26T20:48:29 EDT" name="Register Test" finished-at="2022-05-26T20:48:29 EDT" duration-ms="10">
      <class name="testcases.suiteb.ValidateUserRegTest">
        <test-method signature="validate()[pri:0, instance:testcases.suiteb.ValidateUserRegTest@460d0a57]" started-at="2022-05-26T20:48:29 EDT" name="validate" finished-at="2022-05-26T20:48:29 EDT" duration-ms="4" status="FAIL">
          <exception class="java.lang.AssertionError">
            <message>
              <![CDATA[The following asserts failed:
expected [XYZ] but found [ABC],
expected [Error Message] but found [false],
404 Error came up]]>
            </message>
            <full-stacktrace>
              <![CDATA[java.lang.AssertionError: The following asserts failed:
expected [XYZ] but found [ABC],
expected [Error Message] but found [false],
404 Error came up
at org.testng.asserts.SoftAssert.assertAll(SoftAssert.java:47)
at org.testng.asserts.SoftAssert.assertAll(SoftAssert.java:31)
at testcases.suiteb.ValidateUserRegTest.validate(ValidateUserRegTest.java:17)
at java.base/jdk.internal.reflect.NativeMethodAccessorImpl.invoke0(Native Method)
at java.base/jdk.internal.reflect.NativeMethodAccessorImpl.invoke(NativeMethodAccessorImpl.java:62)
at java.base/jdk.internal.reflect.DelegatingMethodAccessorImpl.invoke(DelegatingMethodAccessorImpl.java:43)
at java.base/java.lang.reflect.Method.invoke(Method.java:564)
at org.testng.internal.MethodInvocationHelper.invokeMethod(MethodInvocationHelper.java:133)
at org.testng.internal.TestInvoker.invokeMethod(TestInvoker.java:598)
at org.testng.internal.TestInvoker.invokeTestMethod(TestInvoker.java:173)
at org.testng.internal.MethodRunner.runInSequence(MethodRunner.java:46)
at org.testng.internal.TestInvoker$MethodInvocationAgent.invoke(TestInvoker.java:824)
at org.testng.internal.TestInvoker.invokeTestMethods(TestInvoker.java:146)
at org.testng.internal.TestMethodWorker.invokeTestMethods(TestMethodWorker.java:146)
at org.testng.internal.TestMethodWorker.run(TestMethodWorker.java:128)
at java.base/java.util.ArrayList.forEach(ArrayList.java:1511)
at org.testng.TestRunner.privateRun(TestRunner.java:794)
at org.testng.TestRunner.run(TestRunner.java:596)
at org.testng.SuiteRunner.runTest(SuiteRunner.java:377)
at org.testng.SuiteRunner.runSequentially(SuiteRunner.java:371)
at org.testng.SuiteRunner.privateRun(SuiteRunner.java:332)
at org.testng.SuiteRunner.run(SuiteRunner.java:276)
at org.testng.SuiteRunnerWorker.runSuite(SuiteRunnerWorker.java:53)
at org.testng.SuiteRunnerWorker.run(SuiteRunnerWorker.java:96)
at org.testng.TestNG.runSuitesSequentially(TestNG.java:1212)
at org.testng.TestNG.runSuitesSequentially(TestNG.java:1207)
at org.testng.TestNG.runSuitesLocally(TestNG.java:1134)
at org.testng.TestNG.runSuites(TestNG.java:1063)
at org.testng.TestNG.run(TestNG.java:1031)
at org.testng.remote.AbstractRemoteTestNG.run(AbstractRemoteTestNG.java:115)
at org.testng.remote.RemoteTestNG.initAndRun(RemoteTestNG.java:251)
at org.testng.remote.RemoteTestNG.main(RemoteTestNG.java:77)
]]>
            </full-stacktrace>
          </exception> <!-- java.lang.AssertionError -->
          <reporter-output>
          </reporter-output>
        </test-method> <!-- validate -->
      </class> <!-- testcases.suiteb.ValidateUserRegTest -->
    </test> <!-- Register Test -->
    <test started-at="2022-05-26T20:48:29 EDT" name="Purchase Phone Test" finished-at="2022-05-26T20:48:29 EDT" duration-ms="22">
      <class name="testcases.suiteb.SearchAndBuyPhone">
        <test-method signature="search(org.testng.ITestContext)[pri:1, instance:testcases.suiteb.SearchAndBuyPhone@7ce3cb8e]" started-at="2022-05-26T20:48:29 EDT" name="search" finished-at="2022-05-26T20:48:29 EDT" duration-ms="2" status="PASS">
          <params>
            <param index="0">
              <value>
                <![CDATA[org.testng.TestRunner@15de0b3c]]>
              </value>
            </param>
          </params>
          <reporter-output>
          </reporter-output>
        </test-method> <!-- search -->
        <test-method signature="selectPhone(org.testng.ITestContext)[pri:2, instance:testcases.suiteb.SearchAndBuyPhone@7ce3cb8e]" started-at="2022-05-26T20:48:29 EDT" name="selectPhone" finished-at="2022-05-26T20:48:29 EDT" depends-on-methods="testcases.suiteb.SearchAndBuyPhone.search" duration-ms="1" status="PASS">
          <params>
            <param index="0">
              <value>
                <![CDATA[org.testng.TestRunner@15de0b3c]]>
              </value>
            </param>
          </params>
          <reporter-output>
          </reporter-output>
        </test-method> <!-- selectPhone -->
        <test-method signature="checkout(org.testng.ITestContext)[pri:3, instance:testcases.suiteb.SearchAndBuyPhone@7ce3cb8e]" started-at="2022-05-26T20:48:29 EDT" name="checkout" finished-at="2022-05-26T20:48:29 EDT" depends-on-methods="testcases.suiteb.SearchAndBuyPhone.search, testcases.suiteb.SearchAndBuyPhone.selectPhone" duration-ms="2" status="PASS">
          <params>
            <param index="0">
              <value>
                <![CDATA[org.testng.TestRunner@15de0b3c]]>
              </value>
            </param>
          </params>
          <reporter-output>
          </reporter-output>
        </test-method> <!-- checkout -->
      </class> <!-- testcases.suiteb.SearchAndBuyPhone -->
    </test> <!-- Purchase Phone Test -->
  </suite> <!-- Suite B -->
  <suite started-at="2022-05-26T20:48:29 EDT" name="Suite A" finished-at="2022-05-26T20:48:29 EDT" duration-ms="337">
    <groups>
    </groups>
    <test started-at="2022-05-26T20:48:29 EDT" name="Login Test" finished-at="2022-05-26T20:48:29 EDT" duration-ms="67">
      <class name="testcases.suitea.LoginTest">
        <test-method is-config="true" signature="init()[pri:0, instance:testcases.suitea.LoginTest@45018215]" started-at="2022-05-26T20:48:29 EDT" name="init" finished-at="2022-05-26T20:48:29 EDT" duration-ms="9" status="PASS">
          <reporter-output>
          </reporter-output>
        </test-method> <!-- init -->
        <test-method is-config="true" signature="beforeMeth()[pri:0, instance:testcases.suitea.LoginTest@45018215]" started-at="2022-05-26T20:48:29 EDT" name="beforeMeth" finished-at="2022-05-26T20:48:29 EDT" duration-ms="1" status="PASS">
          <reporter-output>
          </reporter-output>
        </test-method> <!-- beforeMeth -->
        <test-method signature="doLogin(org.testng.ITestContext)[pri:0, instance:testcases.suitea.LoginTest@45018215]" started-at="2022-05-26T20:48:29 EDT" name="doLogin" finished-at="2022-05-26T20:48:29 EDT" duration-ms="8" status="PASS">
          <params>
            <param index="0">
              <value>
                <![CDATA[org.testng.TestRunner@72967906]]>
              </value>
            </param>
          </params>
          <reporter-output>
          </reporter-output>
        </test-method> <!-- doLogin -->
        <test-method is-config="true" signature="afterMeth()[pri:0, instance:testcases.suitea.LoginTest@45018215]" started-at="2022-05-26T20:48:29 EDT" name="afterMeth" finished-at="2022-05-26T20:48:29 EDT" duration-ms="1" status="PASS">
          <reporter-output>
          </reporter-output>
        </test-method> <!-- afterMeth -->
        <test-method signature="logOut()[pri:0, instance:testcases.suitea.LoginTest@45018215]" started-at="2022-05-26T20:48:29 EDT" name="logOut" finished-at="2022-05-26T20:48:29 EDT" duration-ms="1" status="PASS">
          <reporter-output>
          </reporter-output>
        </test-method> <!-- logOut -->
        <test-method is-config="true" signature="beforeMeth()[pri:0, instance:testcases.suitea.LoginTest@45018215]" started-at="2022-05-26T20:48:29 EDT" name="beforeMeth" finished-at="2022-05-26T20:48:29 EDT" duration-ms="0" status="PASS">
          <reporter-output>
          </reporter-output>
        </test-method> <!-- beforeMeth -->
        <test-method is-config="true" signature="afterMeth()[pri:0, instance:testcases.suitea.LoginTest@45018215]" started-at="2022-05-26T20:48:29 EDT" name="afterMeth" finished-at="2022-05-26T20:48:29 EDT" duration-ms="0" status="PASS">
          <reporter-output>
          </reporter-output>
        </test-method> <!-- afterMeth -->
        <test-method is-config="true" signature="quit()[pri:0, instance:testcases.suitea.LoginTest@45018215]" started-at="2022-05-26T20:48:29 EDT" name="quit" finished-at="2022-05-26T20:48:29 EDT" duration-ms="0" status="PASS">
          <reporter-output>
          </reporter-output>
        </test-method> <!-- quit -->
      </class> <!-- testcases.suitea.LoginTest -->
    </test> <!-- Login Test -->
    <test started-at="2022-05-26T20:48:29 EDT" name="Create User Test" finished-at="2022-05-26T20:48:29 EDT" duration-ms="32">
      <class name="testcases.suitea.CreateUser">
        <test-method signature="createUser(java.lang.String,java.lang.String,int,java.lang.String)[pri:0, instance:testcases.suitea.CreateUser@4386f16]" started-at="2022-05-26T20:48:29 EDT" name="createUser" data-provider="getData" finished-at="2022-05-26T20:48:29 EDT" duration-ms="2" status="PASS">
          <params>
            <param index="0">
              <value>
                <![CDATA[Chrome]]>
              </value>
            </param>
            <param index="1">
              <value>
                <![CDATA[Admin]]>
              </value>
            </param>
            <param index="2">
              <value>
                <![CDATA[232424]]>
              </value>
            </param>
            <param index="3">
              <value>
                <![CDATA[asdfdsa@somedpomain.com]]>
              </value>
            </param>
          </params>
          <reporter-output>
          </reporter-output>
        </test-method> <!-- createUser -->
        <test-method signature="createUser(java.lang.String,java.lang.String,int,java.lang.String)[pri:0, instance:testcases.suitea.CreateUser@4386f16]" started-at="2022-05-26T20:48:29 EDT" name="createUser" data-provider="getData" finished-at="2022-05-26T20:48:29 EDT" duration-ms="1" status="PASS">
          <params>
            <param index="0">
              <value>
                <![CDATA[Mozilla]]>
              </value>
            </param>
            <param index="1">
              <value>
                <![CDATA[SuperAdmin]]>
              </value>
            </param>
            <param index="2">
              <value>
                <![CDATA[1234445]]>
              </value>
            </param>
            <param index="3">
              <value>
                <![CDATA[asdfdsa@somedpomain.com]]>
              </value>
            </param>
          </params>
          <reporter-output>
          </reporter-output>
        </test-method> <!-- createUser -->
        <test-method signature="createUser(java.lang.String,java.lang.String,int,java.lang.String)[pri:0, instance:testcases.suitea.CreateUser@4386f16]" started-at="2022-05-26T20:48:29 EDT" name="createUser" data-provider="getData" finished-at="2022-05-26T20:48:29 EDT" duration-ms="3" status="PASS">
          <params>
            <param index="0">
              <value>
                <![CDATA[IE]]>
              </value>
            </param>
            <param index="1">
              <value>
                <![CDATA[User]]>
              </value>
            </param>
            <param index="2">
              <value>
                <![CDATA[786889]]>
              </value>
            </param>
            <param index="3">
              <value>
                <![CDATA[asdfdsa@somedpomain.com]]>
              </value>
            </param>
          </params>
          <reporter-output>
          </reporter-output>
        </test-method> <!-- createUser -->
        <test-method signature="deleteUser(java.lang.String,java.lang.String,int,java.lang.String)[pri:0, instance:testcases.suitea.CreateUser@4386f16]" started-at="2022-05-26T20:48:29 EDT" name="deleteUser" data-provider="getData" finished-at="2022-05-26T20:48:29 EDT" duration-ms="4" status="PASS">
          <params>
            <param index="0">
              <value>
                <![CDATA[Chrome]]>
              </value>
            </param>
            <param index="1">
              <value>
                <![CDATA[Admin]]>
              </value>
            </param>
            <param index="2">
              <value>
                <![CDATA[232424]]>
              </value>
            </param>
            <param index="3">
              <value>
                <![CDATA[asdfdsa@somedpomain.com]]>
              </value>
            </param>
          </params>
          <reporter-output>
          </reporter-output>
        </test-method> <!-- deleteUser -->
        <test-method signature="deleteUser(java.lang.String,java.lang.String,int,java.lang.String)[pri:0, instance:testcases.suitea.CreateUser@4386f16]" started-at="2022-05-26T20:48:29 EDT" name="deleteUser" data-provider="getData" finished-at="2022-05-26T20:48:29 EDT" duration-ms="2" status="PASS">
          <params>
            <param index="0">
              <value>
                <![CDATA[Mozilla]]>
              </value>
            </param>
            <param index="1">
              <value>
                <![CDATA[SuperAdmin]]>
              </value>
            </param>
            <param index="2">
              <value>
                <![CDATA[123444]]>
              </value>
            </param>
            <param index="3">
              <value>
                <![CDATA[asdfdsa@somedpomain.com]]>
              </value>
            </param>
          </params>
          <reporter-output>
          </reporter-output>
        </test-method> <!-- deleteUser -->
        <test-method signature="deleteUser(java.lang.String,java.lang.String,int,java.lang.String)[pri:0, instance:testcases.suitea.CreateUser@4386f16]" started-at="2022-05-26T20:48:29 EDT" name="deleteUser" data-provider="getData" finished-at="2022-05-26T20:48:29 EDT" duration-ms="1" status="PASS">
          <params>
            <param index="0">
              <value>
                <![CDATA[IE]]>
              </value>
            </param>
            <param index="1">
              <value>
                <![CDATA[User]]>
              </value>
            </param>
            <param index="2">
              <value>
                <![CDATA[786889]]>
              </value>
            </param>
            <param index="3">
              <value>
                <![CDATA[asdfdsa@somedpomain.com]]>
              </value>
            </param>
          </params>
          <reporter-output>
          </reporter-output>
        </test-method> <!-- deleteUser -->
      </class> <!-- testcases.suitea.CreateUser -->
    </test> <!-- Create User Test -->
  </suite> <!-- Suite A -->
</testng-results>
