<?xml version="1.0" encoding="UTF-8"?>
<!-- Generated by org.testng.reporters.JUnitXMLReporter -->
<testsuite ignored="0" hostname="Abhitoshs-MacBook-Pro.local" failures="1" tests="1" name="Register Test" time="0.01" errors="0" timestamp="2022-05-26T20:48:29 EDT">
  <testcase classname="testcases.suiteb.ValidateUserRegTest" name="validate" time="0.004">
    <failure type="java.lang.AssertionError" message="The following asserts failed:
	expected [XYZ] but found [ABC],
	expected [Error Message] but found [false],
	404 Error came up">
      <![CDATA[java.lang.AssertionError: The following asserts failed:
expected [XYZ] but found [ABC],
expected [Error Message] but found [false],
404 Error came up
at testcases.suiteb.ValidateUserRegTest.validate(ValidateUserRegTest.java:17)
at java.base/java.util.ArrayList.forEach(ArrayList.java:1511)
... Removed 30 stack frames]]>
    </failure>
  </testcase> <!-- validate -->
</testsuite> <!-- Register Test -->
